[ AutoCAD - Tue Mar 31 22:23:40 2020  ]----------------------------------------
Regenerating model.


AutoCAD menu utilities loaded.
AutoCAD menu utilities loaded.*Cancel*

Command: 
Command: 

Command: 
Command: 

Command: 
Command: 

Command: 
Command: 
Command: 
Command: 
Command: _acadpane _leftpane _hide 
Command: PAGESETUP

Command: PAGESETUP

Specify window for printing
Specify first corner: *Cancel*
*Invalid*

Automatic save to /Users/meng/Documents/Foundation of Informatics/Informatics_2/Autocad/Unknown/Log002/Drawing1_1_1635191815_c1e38775.sv$ ...

Command: 
Command: Specify opposite corner or [Fence/WPolygon/CPolygon]: 
Command: plotset
Unknown command "PLOTSET".  Press F1 for help.

Command: *Cancel*

Command: *Cancel*

Command: PAGESETUP

Command: PAGESETUP

Specify window for printing
Specify first corner: Specify opposite corner: 
Specify window for printing
Specify first corner: Specify opposite corner: 
Specify window for printing
Specify first corner: Specify opposite corner: 
Command: _LAYOUT 
Enter layout option [Copy/Delete/New/Template/Rename/SAveas/Set/?] <set>: _S 
Enter layout to make current <Layout1>: Layout1
Regenerating layout.
Regenerating layout.
Regenerating model - caching viewports.

Command: _LAYOUT 
Enter layout option [Copy/Delete/New/Template/Rename/SAveas/Set/?] <set>: _S 
Enter layout to make current <Layout1>: Model
Restoring cached viewports.

Command: _LAYOUT 
Enter layout option [Copy/Delete/New/Template/Rename/SAveas/Set/?] <set>: _S 
Enter layout to make current <Layout1>: Layout1
Restoring cached viewports - Regenerating layout.

Command: Specify opposite corner or [Fence/WPolygon/CPolygon]: 
Command: _LAYOUT 
Enter layout option [Copy/Delete/New/Template/Rename/SAveas/Set/?] <set>: _S 
Enter layout to make current <Layout1>: Layout2
Regenerating layout.
Regenerating layout.
Regenerating model - caching viewports.

Command: _LAYOUT 
Enter layout option [Copy/Delete/New/Template/Rename/SAveas/Set/?] <set>: _S 
Enter layout to make current <Layout2>: Layout1
Restoring cached viewports - Regenerating layout.

Command: _LAYOUT 
Enter layout option [Copy/Delete/New/Template/Rename/SAveas/Set/?] <set>: _S 
Enter layout to make current <Layout1>: Model
Restoring cached viewports.

Command: 







Command:  

 
Command: 







Command:  

 
Command: 







Command:  

 
Command: 







Command:  

 
Command: 







Command:  

 
Command: 







Command:  

 
Command: 







Command:  

 
Command: 







Command:  

 
Command: 







Command:  

 
Command: 







Command:  

 
Command: 







Command:  

 
Command:  
Command:  LAYOUT

Enter layout option [Copy/Delete/New/Template/Rename/SAveas/Set/?] <set>:  
Resuming LAYOUT command.

Command: 




Resuming LAYOUT command.

Command:  
Resuming LAYOUT command.

Command:  
Resuming LAYOUT command.

Command:  
Resuming LAYOUT command.

Command:  
Resuming LAYOUT command.

Command:  
Resuming LAYOUT command.

Command:  
Resuming LAYOUT command.

Command:  
Resuming LAYOUT command.

Command:  
Resuming LAYOUT command.

Command:  
Resuming LAYOUT command.

Command:  
Resuming LAYOUT command.

Command: 




Resuming LAYOUT command.

Command:  
Resuming LAYOUT command.

Command:  
Resuming LAYOUT command.

Command: 




Resuming LAYOUT command.

Command:  
Resuming LAYOUT command.

Command:  
Resuming LAYOUT command.

Command:  
Resuming LAYOUT command.

Command: 





Resuming LAYOUT command.

Command:  
Resuming LAYOUT command.

Command: 





Resuming LAYOUT command.

Command:  
Resuming LAYOUT command.

Command: 





Resuming LAYOUT command.

Command:  
Resuming LAYOUT command.

Command: 





Resuming LAYOUT command.

Command:  
Resuming LAYOUT command.

Command: 





Resuming LAYOUT command.

Command:  
Resuming LAYOUT command.

Command: 





Resuming LAYOUT command.

Command:  
Resuming LAYOUT command.

Command: 





Resuming LAYOUT command.

Command:  
Resuming LAYOUT command.

Command: 





Resuming LAYOUT command.

Command:  
Resuming LAYOUT command.

Command: 





Resuming LAYOUT command.

Command:  
Resuming LAYOUT command.

Command: 





Resuming LAYOUT command.

Command:  
Resuming LAYOUT command.

Command: 





Resuming LAYOUT command.

Command:  
Resuming LAYOUT command.

Command: 





Resuming LAYOUT command.

Command:  
Resuming LAYOUT command.

Command: 





Resuming LAYOUT command.

Command:  
Resuming LAYOUT command.

Command: 




Resuming LAYOUT command.

Command:  
Resuming LAYOUT command.

Command: 





Resuming LAYOUT command.

Command:  
Resuming LAYOUT command.

Command: 





Resuming LAYOUT command.

Command:  
Resuming LAYOUT command.

Command: 





Resuming LAYOUT command.

Command:  
Resuming LAYOUT command.

Command: 





Resuming LAYOUT command.

Command:  
Resuming LAYOUT command.

Command: 





Resuming LAYOUT command.

Command:  
Resuming LAYOUT command.

Command: 





Resuming LAYOUT command.

Command:  
Resuming LAYOUT command.

Command: 




Resuming LAYOUT command.

Command:  
Resuming LAYOUT command.

Command: 




Resuming LAYOUT command.

Command:  
Resuming LAYOUT command.

Command: 





Resuming LAYOUT command.

Command:  
Resuming LAYOUT command.

Command: 





Resuming LAYOUT command.

Command:  
Resuming LAYOUT command.

Command: 





Resuming LAYOUT command.

Command:  
Resuming LAYOUT command.

Command: 





Resuming LAYOUT command.

Command:  
Resuming LAYOUT command.

Command: 





Resuming LAYOUT command.

Command:  
Resuming LAYOUT command.

Command: *Cancel*

Command: 
Command: _LAYERSTATE 
Automatic save to /Users/meng/Documents/Foundation of Informatics/Informatics_2/Autocad/Unknown/Log002/Drawing1_1_1635191815_c1e38775.sv$ ...

Command: 
Command: Specify opposite corner or [Fence/WPolygon/CPolygon]: 
Command: Specify opposite corner or [Fence/WPolygon/CPolygon]: 
Command: Specify opposite corner or [Fence/WPolygon/CPolygon]: 
Command: L
LINE 
Specify first point: 
Specify next point or [Undo]: 36

Specify next point or [eXit/Undo]: 118

Specify next point or [Close/eXit/Undo]: 36

Specify next point or [Close/eXit/Undo]: 32

Specify next point or [Close/eXit/Undo]: 16

Specify next point or [Close/eXit/Undo]: 54

Specify next point or [Close/eXit/Undo]: 16

Specify next point or [Close/eXit/Undo]: 32

Specify next point or [Close/eXit/Undo]: *Cancel*

Automatic save to /Users/meng/Documents/Foundation of Informatics/Informatics_2/Autocad/Unknown/Log002/Drawing1_1_1635191815_c1e38775.sv$ ...

Command: 
Command: Specify opposite corner or [Fence/WPolygon/CPolygon]: 
Command: e
ERASE 1 found

Command: l
LINE 
Specify first point: 
Specify next point or [Undo]: 
Specify next point or [eXit/Undo]: *Cancel*

Command: Specify opposite corner or [Fence/WPolygon/CPolygon]: 
Command: *Cancel*

Command: *Cancel*

Command: *Cancel*

Command: LTS
LTSCALE Enter new linetype scale factor <1.0000>: 2
Regenerating model.

Command: LTS
LTSCALE Enter new linetype scale factor <2.0000>: 

Command: l
LINE 
Specify first point: 
Specify next point or [Undo]: 
Specify next point or [eXit/Undo]: *Cancel*

Command: 
Command: 
** STRETCH **
Specify stretch point or [Base point/Copy/Undo/eXit]:
Command: *Cancel*

Command: 
Command: 
LINE

Specify first point: 
Specify next point or [Undo]: 
Specify next point or [eXit/Undo]: *Cancel*

Command: Specify opposite corner or [Fence/WPolygon/CPolygon]: 
Command: e
ERASE 1 found

Command: 
Command: *Cancel*

Command: *Cancel*

Command: FACETRES

Enter new value for FACETRES <0.5000>: *Cancel*

Command: *Cancel*

Command: LTSCALE
Enter new linetype scale factor <2.0000>: 0.5
Regenerating model.

Command: LTSCALE
Enter new linetype scale factor <0.5000>: 10
Regenerating model.

Command: Specify opposite corner or [Fence/WPolygon/CPolygon]: 
Command: l
LINE 
Specify first point: 
Specify next point or [Undo]: 
Specify next point or [eXit/Undo]: *Cancel*

Command: Specify opposite corner or [Fence/WPolygon/CPolygon]: 
Command: *Cancel*

Command: LTS
LTSCALE Enter new linetype scale factor <10.0000>: 0.5
Regenerating model.

Command:  LTSCALE
Enter new linetype scale factor <0.5000>: 0.1
Regenerating model.

Command:  LTSCALE
Enter new linetype scale factor <0.1000>: 0.2
Regenerating model.

Command:  LTSCALE
Enter new linetype scale factor <0.2000>: 0.01
Regenerating model.

Command:  LTSCALE
Enter new linetype scale factor <0.0100>: 0.0200
Regenerating model.

Command:  LTSCALE
Enter new linetype scale factor <0.0200>: 0.0400
Regenerating model.

Command: 
Command: 
Command: _open 
Command: 
Automatic save to /Users/meng/Documents/Foundation of Informatics/Informatics_2/Autocad/Unknown/Log002/Drawing1_1_1635191815_c1e38775.sv$ ...

Command: 
Command: *Cancel*

Command: *Cancel*

Command: _CLOSEALL 
Command: Specify opposite corner or [Fence/WPolygon/CPolygon]: 
Command: Specify opposite corner or [Fence/WPolygon/CPolygon]: 
Command: *Cancel*

Command: *Cancel*

Command: _CLOSEALL 
Command: 
