[ AutoCAD - Mon May 18 12:22:59 2020  ]----------------------------------------
Regenerating model.


AutoCAD menu utilities loaded.
AutoCAD menu utilities loaded.
Command: 
Command: 

Command: 
Command: Specify opposite corner or [Fence/WPolygon/CPolygon]: 
Command: l
LINE 
Specify first point: *Cancel*

Command: *Cancel*

Command: LOGFILEMODE 
Enter new value for LOGFILEMODE <1>: 

Command: l
LINE 
Specify first point: *Cancel*

Command: *Cancel*

Command: 







Command:  

 
Command:  
Command: 





Command:  
Command: 





Command:  
Command: Specify opposite corner or [Fence/WPolygon/CPolygon]: 
Command: l
LINE 
Specify first point: 
Specify next point or [Undo]: 
Specify next point or [eXit/Undo]: *Cancel*

Command: Specify opposite corner or [Fence/WPolygon/CPolygon]: 
Command: E ERASE 1 found

Command: Regenerating model.
l
LINE 
Specify first point: 
Specify next point or [Undo]: 300

Specify next point or [eXit/Undo]: *Cancel*

Command: LTSCALE Enter new linetype scale factor <1.0000>: 0.2
Regenerating model.

Command: l
LINE 
Specify first point: *Cancel*

Command: l
LINE 
Specify first point: 
Specify next point or [Undo]: 50

Specify next point or [eXit/Undo]: 20

Specify next point or [Close/eXit/Undo]: 
Specify next point or [Close/eXit/Undo]: *Cancel*

Command: l
LINE 
Specify first point: 
Specify next point or [Undo]: 17.5

Specify next point or [eXit/Undo]: 100

Specify next point or [Close/eXit/Undo]: 50

Specify next point or [Close/eXit/Undo]: 
Specify next point or [Close/eXit/Undo]: *Cancel*

Command: l
LINE 
Specify first point: 
Specify next point or [Undo]: 
Specify next point or [eXit/Undo]: *Cancel*

Command: l
LINE 
Specify first point: 
Specify next point or [Undo]: 55

Specify next point or [eXit/Undo]: *Cancel*

Command: Specify opposite corner or [Fence/WPolygon/CPolygon]: 
Command: e
ERASE 1 found

Command: l
LINE 
Specify first point: 
Specify next point or [Undo]: 60

Specify next point or [eXit/Undo]: 10

Specify next point or [Close/eXit/Undo]: 5

Specify next point or [Close/eXit/Undo]: 5

Specify next point or [Close/eXit/Undo]: 
Specify next point or [Close/eXit/Undo]: *Cancel*

Command: 
Command: *Cancel*

Command: Specify opposite corner or [Fence/WPolygon/CPolygon]: 
Command: e
ERASE 1 found

Command: l
LINE 
Specify first point: 
Specify next point or [Undo]: 
Specify next point or [eXit/Undo]: *Cancel*

Command: l
LINE 
Specify first point: 
Specify next point or [Undo]: 
Specify next point or [eXit/Undo]: *Cancel*

Command: Specify opposite corner or [Fence/WPolygon/CPolygon]: 
Command: e
ERASE 1 found

Command: l
LINE 
Specify first point: 
Specify next point or [Undo]: 100

Specify next point or [eXit/Undo]: *Cancel*

Command: l
LINE 
Specify first point: 
Specify next point or [Undo]: *Cancel*

Command: Specify opposite corner or [Fence/WPolygon/CPolygon]: 
Command: e
ERASE 1 found

Command: l
LINE 
Specify first point: 
Specify next point or [Undo]: 75

Specify next point or [eXit/Undo]: *Cancel*

Command: Specify opposite corner or [Fence/WPolygon/CPolygon]: 
Command: ARRAYPOLAR 1 found

Type = Polar  Associative = Yes

Specify center point of array or [Base point/Axis of rotation]: 
Select grip to edit array or [ASsociative/Base point/Items/Angle between/Fill angle/ROWs/Levels/ROTate items/eXit]<eXit>: _u

Select grip to edit array or [ASsociative/Base point/Items/Angle between/Fill angle/ROWs/Levels/ROTate items/eXit]<eXit>: _u

Select grip to edit array or [ASsociative/Base point/Items/Angle between/Fill angle/ROWs/Levels/ROTate items/eXit]<eXit>: *Cancel*

Command: l
LINE 
Specify first point: 
Specify next point or [Undo]: 
Specify next point or [eXit/Undo]: 
Specify next point or [Close/eXit/Undo]: 
Specify next point or [Close/eXit/Undo]: 
Specify next point or [Close/eXit/Undo]: 
Specify next point or [Close/eXit/Undo]: 
Specify next point or [Close/eXit/Undo]: 
Specify next point or [Close/eXit/Undo]: 
Specify next point or [Close/eXit/Undo]: *Cancel*

Command: l
LINE 
Specify first point: 
Specify next point or [Undo]: 
Specify next point or [eXit/Undo]: *Cancel*

Command: MEASURE 
Select object to measure: 
Specify length of segment or [Block]: *Cancel*

Command: *Cancel*

Command: MEA MEASUREGEOM 
Enter an option [Distance/Radius/Angle/ARea/Volume/Quick/Mode/eXit] <Distance>: d

Specify first point: 
Specify second point or [Multiple points]: 
Distance = 138.5819,  Angle in XY Plane = 338,  Angle from XY Plane = 0
Delta X = 128.0330,  Delta Y = -53.0330,   Delta Z = 0.0000
Enter an option [Distance/Radius/Angle/ARea/Volume/Quick/Mode/eXit] <Distance>: *Cancel*

Command: ME MEASURE 
Select object to measure: 
Specify length of segment or [Block]: 

Requires numeric distance, two points, or option keyword.

Specify length of segment or [Block]: *Cancel*

Command: MEA MEASUREGEOM 
Enter an option [Distance/Radius/Angle/ARea/Volume/Quick/Mode/eXit] <Distance>: q

Move cursor or [Distance/Radius/Angle/ARea/Volume/Quick/Mode/eXit] <eXit>: *Cancel*

Command: *Cancel*

Command: *Cancel*

Command: Specify opposite corner or [Fence/WPolygon/CPolygon]: 
Command: ROTATE 
Current positive angle in UCS:  ANGDIR=counterclockwise  ANGBASE=0
10 found

Specify base point: 
Specify rotation angle or [Copy/Reference] <0>: 
Command: MEA MEASUREGEOM 
Enter an option [Distance/Radius/Angle/ARea/Volume/Quick/Mode/eXit] <Distance>: d

Specify first point: 
Specify second point or [Multiple points]: 
Distance = 138.5819,  Angle in XY Plane = 0,  Angle from XY Plane = 0
Delta X = 138.5808,  Delta Y = 0.5506,   Delta Z = 0.0000
Enter an option [Distance/Radius/Angle/ARea/Volume/Quick/Mode/eXit] <Distance>: *Cancel*

Automatic save to /Users/meng/Documents/Foundation of Informatics/Informatics_2/Erik's_task/Drawing2_1_899320530_d75413b6.sv$ ...

Command: 
Command: _u MEASUREGEOM 
Command: _u ROTATE 
Command: Specify opposite corner or [Fence/WPolygon/CPolygon]: 
Command: ROTATE 
Current positive angle in UCS:  ANGDIR=counterclockwise  ANGBASE=0
10 found

Specify base point: 
Specify rotation angle or [Copy/Reference] <0>: 
Command: MEA MEASUREGEOM 
Enter an option [Distance/Radius/Angle/ARea/Volume/Quick/Mode/eXit] <Distance>: d

Specify first point: 
Specify second point or [Multiple points]: 
Distance = 138.5819,  Angle in XY Plane = 0,  Angle from XY Plane = 0
Delta X = 138.5819,  Delta Y = 0.0000,   Delta Z = 0.0000
Enter an option [Distance/Radius/Angle/ARea/Volume/Quick/Mode/eXit] <Distance>: *Cancel*

Command: *Cancel*

Command: Specify opposite corner or [Fence/WPolygon/CPolygon]: 
Command: 
Command: 
** STRETCH **
Specify stretch point or [Base point/Copy/Undo/eXit]:
Command: *Cancel*

Command: 
Command: COPY 1 found

Current settings:  Copy mode = Multiple
Specify base point or [Displacement/mOde] <Displacement>: 
Specify second point or [Array] <use first point as displacement>: 
Specify second point or [Array/Exit/Undo] <Exit>: *Cancel*

Command: Specify opposite corner or [Fence/WPolygon/CPolygon]: 
Command: e
ERASE 1 found

Command: l
LINE 
Specify first point: 
Specify next point or [Undo]: 20

Specify next point or [eXit/Undo]: 
Specify next point or [Close/eXit/Undo]: *Cancel*

Command: l
LINE 
Specify first point: 
Specify next point or [Undo]: 60

Specify next point or [eXit/Undo]: _u 
Specify next point or [Undo]: 60

Specify next point or [eXit/Undo]: 
Specify next point or [Close/eXit/Undo]: *Cancel*

Command: l
LINE 
Specify first point: 
Specify next point or [Undo]: 20

Specify next point or [eXit/Undo]: 
Specify next point or [Close/eXit/Undo]: *Cancel*

Command: l
LINE 
Specify first point: 
Specify next point or [Undo]: 35

Specify next point or [eXit/Undo]: 
Specify next point or [Close/eXit/Undo]: *Cancel*

Command: Specify opposite corner or [Fence/WPolygon/CPolygon]: 
Command: e
ERASE 1 found

Command: Specify opposite corner or [Fence/WPolygon/CPolygon]: 
Command: MOVE 10 found

Specify base point or [Displacement] <Displacement>: 
Specify second point or <use first point as displacement>: 
Command: Specify opposite corner or [Fence/WPolygon/CPolygon]: 
Command: e
ERASE 1 found

Command: L LINE 
Specify first point: 
Specify next point or [Undo]: 20

Specify next point or [eXit/Undo]: *Cancel*

Command:  LINE

Specify first point: 
Specify next point or [Undo]: 20

Specify next point or [eXit/Undo]: *Cancel*

Command: 
Command: 
Command: j
JOIN 2 found

2 lines joined into 1 line
Command: 
Command: *Cancel*

Command: 
Command: ARRAYPOLAR 1 found

Type = Polar  Associative = Yes

Specify center point of array or [Base point/Axis of rotation]: 
Select grip to edit array or [ASsociative/Base point/Items/Angle between/Fill angle/ROWs/Levels/ROTate items/eXit]<eXit>: _u

Select grip to edit array or [ASsociative/Base point/Items/Angle between/Fill angle/ROWs/Levels/ROTate items/eXit]<eXit>: _u

Select grip to edit array or [ASsociative/Base point/Items/Angle between/Fill angle/ROWs/Levels/ROTate items/eXit]<eXit>: *Cancel*

Command: l
LINE 
Specify first point: 
Specify next point or [Undo]: 
Specify next point or [eXit/Undo]: *Cancel*

Command:  LINE

Specify first point: 
Specify next point or [Undo]: 
Specify next point or [eXit/Undo]: *Cancel*

Command:  LINE

Specify first point: 
Specify next point or [Undo]: 
Specify next point or [eXit/Undo]: *Cancel*

Command:  LINE

Specify first point: 
Specify next point or [Undo]: 
Specify next point or [eXit/Undo]: *Cancel*

Command:  LINE

Specify first point: 
Specify next point or [Undo]: 
Specify next point or [eXit/Undo]: *Cancel*

Command: 
Command: e
ERASE 1 found

Command: c
CIRCLE 
Specify center point for circle or [3P/2P/Ttr (tan tan radius)]: 
Specify radius of circle or [Diameter]: 
Command: *Cancel*

Command: l
LINE 
Specify first point: 
Specify next point or [Undo]: 
Specify next point or [eXit/Undo]: 
Specify next point or [Close/eXit/Undo]: *Cancel*

Command:  LINE

Specify first point: 
Specify next point or [Undo]: 
Specify next point or [eXit/Undo]: 
Specify next point or [Close/eXit/Undo]: *Cancel*

Command:  LINE

Specify first point: 
Specify next point or [Undo]: 
Specify next point or [eXit/Undo]: 
Specify next point or [Close/eXit/Undo]: *Cancel*

Command:  LINE

Specify first point: 
Specify next point or [Undo]: 
Specify next point or [eXit/Undo]: 
Specify next point or [Close/eXit/Undo]: *Cancel*

Command:  LINE

Specify first point: 
Specify next point or [Undo]: 
Specify next point or [eXit/Undo]: 
Specify next point or [Close/eXit/Undo]: *Cancel*

Command:  LINE

Specify first point: 
Specify next point or [Undo]: 
Specify next point or [eXit/Undo]: 
Specify next point or [Close/eXit/Undo]: *Cancel*

Command: Specify opposite corner or [Fence/WPolygon/CPolygon]: 
Command: e
ERASE 1 found

Command:  ERASE

Select objects: *Cancel*

Command: *Cancel*

Command: L LINE 
Specify first point: 
Specify next point or [Undo]: 
Specify next point or [eXit/Undo]: 
Specify next point or [Close/eXit/Undo]: 
Specify next point or [Close/eXit/Undo]: 
Specify next point or [Close/eXit/Undo]: 
Specify next point or [Close/eXit/Undo]: 
Specify next point or [Close/eXit/Undo]: 
Specify next point or [Close/eXit/Undo]: 
Specify next point or [Close/eXit/Undo]: *Cancel*

Command: 







Command:  

 
Command:  
Command: 





Command:  
Command: Specify opposite corner or [Fence/WPolygon/CPolygon]: 
Command: Specify opposite corner or [Fence/WPolygon/CPolygon]: 
Command: Specify opposite corner or [Fence/WPolygon/CPolygon]: 
Command: Specify opposite corner or [Fence/WPolygon/CPolygon]: 
Command: Specify opposite corner or [Fence/WPolygon/CPolygon]: 
Command: Specify opposite corner or [Fence/WPolygon/CPolygon]: 
Command: 
Command: 
Command: 
Command: 
Command: 
Command: 
Command: 
Command: 
Command: 
Command: 
Command: 
Command: 
Command: Specify opposite corner or [Fence/WPolygon/CPolygon]: 
Command: 
Command: 
Command: 
Command: 
Command: 
Command: 
Command: *Cancel*

Command: 
Command: e
ERASE 1 found

Command: 
ERASE

Select objects: Specify opposite corner: 0 found
Select objects: 1 found

Select objects: *Cancel*

Command: 
Command: EXPLODE 1 found

Command: 







Command:  

 
Command:  
Command: 





Command:  
Command: l
LINE 
Specify first point: 
Specify next point or [Undo]: 
Specify next point or [eXit/Undo]: 
Specify next point or [Close/eXit/Undo]: *Cancel*

Command: Specify opposite corner or [Fence/WPolygon/CPolygon]: 
Command: e
ERASE 1 found

Command: Specify opposite corner or [Fence/WPolygon/CPolygon]: 
Command: *Cancel*

Command: 
Command: Specify opposite corner or [Fence/WPolygon/CPolygon]: 
Command: *Cancel*

Command: *Cancel*

Command: 





Command:  
Command: Specify opposite corner or [Fence/WPolygon/CPolygon]: 
Command: *Cancel*

Command: C CIRCLE 
Specify center point for circle or [3P/2P/Ttr (tan tan radius)]: 
Specify radius of circle or [Diameter] <52.2625>: 50

Command: c
CIRCLE 
Specify center point for circle or [3P/2P/Ttr (tan tan radius)]: 
Specify radius of circle or [Diameter] <50.0000>: 55

Command:  CIRCLE

Specify center point for circle or [3P/2P/Ttr (tan tan radius)]: 
Specify radius of circle or [Diameter] <55.0000>: 60

Command: Specify opposite corner or [Fence/WPolygon/CPolygon]: 
Automatic save to /Users/meng/Documents/Foundation of Informatics/Informatics_2/Erik's_task/Drawing2_1_899320530_d75413b6.sv$ ...

Command: 
Command: 
Command: 
** STRETCH **
Specify stretch point or [Base point/Copy/Undo/eXit]:
Command: *Cancel*

Command: Specify opposite corner or [Fence/WPolygon/CPolygon]: 
Command: MIRROR 21 found
Specify first point of mirror line: 
Specify second point of mirror line: 
Erase source objects? [Yes/No] <No>: *Cancel*

Command:  MIRROR

Select objects: Specify opposite corner: 21 found

Select objects: 
Specify first point of mirror line: 
Specify second point of mirror line: 
Erase source objects? [Yes/No] <No>: no

Command: Specify opposite corner or [Fence/WPolygon/CPolygon]: 
Command: COPY 43 found

Current settings:  Copy mode = Multiple
Specify base point or [Displacement/mOde] <Displacement>: 
Specify second point or [Array] <use first point as displacement>: 
Specify second point or [Array/Exit/Undo] <Exit>: *Cancel*

Command: l
LINE 
Specify first point: 
Specify next point or [Undo]: 
Specify next point or [eXit/Undo]: *Cancel*

Command: 
Command: *Cancel*

Command: 





Command:  
Command: Specify opposite corner or [Fence/WPolygon/CPolygon]: 
Command: 
Command: 
Command: j
JOIN 2 found

2 lines joined into 1 line
Command: 
Command: *Cancel*

Command: 
Command: *Cancel*

Command: 
Command: 
Command: Specify opposite corner or [Fence/WPolygon/CPolygon]: *Cancel*

Command: *Cancel*

Command: LTSCALE Enter new linetype scale factor <0.2000>: 0.5
Regenerating model.

Command: 
Command: *Cancel*

Command: 





Command:  
Command: *Cancel*

Command: Specify opposite corner or [Fence/WPolygon/CPolygon]: 
Command: LTSCALE Enter new linetype scale factor <0.5000>: 1
Regenerating model.

Command: *Cancel*

Command: 
Command: 
Command: *Cancel*

Command: l
LINE 
Specify first point: 
Specify next point or [Undo]: 20

Specify next point or [eXit/Undo]: 20

Specify next point or [Close/eXit/Undo]: *Cancel*

Command: Specify opposite corner or [Fence/WPolygon/CPolygon]: 
Command: *Cancel*

Command: l
LINE 
Specify first point: 
Specify next point or [Undo]: 
Specify next point or [eXit/Undo]: *Cancel*

Command:  LINE

Specify first point: 
Specify next point or [Undo]: 20

Specify next point or [eXit/Undo]: 
Specify next point or [Close/eXit/Undo]: *Cancel*

Command: 
Command: 
Command: e
ERASE 2 found

Command: Specify opposite corner or [Fence/WPolygon/CPolygon]: 
Command: e
ERASE 1 found

Command: Specify opposite corner or [Fence/WPolygon/CPolygon]: 
Command: 
Command: *Cancel*

Command: *Cancel*

Command: MEASURE 
Select object to measure: *Cancel*

Command: MEA MEASUREGEOM 
Enter an option [Distance/Radius/Angle/ARea/Volume/Quick/Mode/eXit] <Distance>: d

Specify first point: 
Specify second point or [Multiple points]: 
Distance = 57.4025,  Angle in XY Plane = 0,  Angle from XY Plane = 0
Delta X = 57.4025,  Delta Y = 0.0000,   Delta Z = 0.0000
Enter an option [Distance/Radius/Angle/ARea/Volume/Quick/Mode/eXit] <Distance>: *Cancel*

Command: *Cancel*

Command: *Cancel*

Command: 
Command: COPY 1 found

Current settings:  Copy mode = Multiple
Specify base point or [Displacement/mOde] <Displacement>: 
Specify second point or [Array] <use first point as displacement>: *Cancel*

Command: 
Command: cop
Unknown command "COP".  Press F1 for help.

Command: *Cancel*

Command: *Cancel*

Command: 
Command: COPY 1 found

Current settings:  Copy mode = Multiple
Specify base point or [Displacement/mOde] <Displacement>: 
Specify second point or [Array] <use first point as displacement>: 
Specify second point or [Array/Exit/Undo] <Exit>: *Cancel*

Command: 
Command: *Cancel*

Command: l
LINE 
Specify first point: 
Specify next point or [Undo]: 
Specify next point or [eXit/Undo]: *Cancel*

Command:  LINE

Specify first point: 
Specify next point or [Undo]: 
Specify next point or [eXit/Undo]: *Cancel*

Command: Specify opposite corner or [Fence/WPolygon/CPolygon]: 
Command: 
Command: e
ERASE 1 found

Command: 
Command: 
Command: *Cancel*

Command: l
LINE 
Specify first point: *Cancel*

Command: 
Command: 
** STRETCH **
Specify stretch point or [Base point/Copy/Undo/eXit]:
Command: *Cancel*

Command: 
Command: 
** STRETCH **
Specify stretch point or [Base point/Copy/Undo/eXit]:
Command: *Cancel*

Command: l
LINE 
Specify first point: 
Specify next point or [Undo]: 
Specify next point or [eXit/Undo]: *Cancel*

Command:  LINE

Specify first point: 
Specify next point or [Undo]: 
Specify next point or [eXit/Undo]: *Cancel*

Command: 
Command: 
Command: *Cancel*

Command: 
Command: Specify opposite corner or [Fence/WPolygon/CPolygon]: 
Command: *Cancel*

Command: 
Command: 
** STRETCH **
Specify stretch point or [Base point/Copy/Undo/eXit]:
Command: *Cancel*

Command: Specify opposite corner or [Fence/WPolygon/CPolygon]: 
Command: 
Command: 
** STRETCH **
Specify stretch point or [Base point/Copy/Undo/eXit]:
Command: *Cancel*

Command: l
LINE 
Specify first point: 
Specify next point or [Undo]: 
Specify next point or [eXit/Undo]: *Cancel*

Command:  LINE

Specify first point: 
Specify next point or [Undo]: 
Specify next point or [eXit/Undo]: *Cancel*

Command: Specify opposite corner or [Fence/WPolygon/CPolygon]: 
Command: COPY 1 found

Current settings:  Copy mode = Multiple
Specify base point or [Displacement/mOde] <Displacement>: *Cancel*

Command:  COPY

Select objects: *Cancel*

Command: l
LINE 
Specify first point: 
Specify next point or [Undo]: 
Specify next point or [eXit/Undo]: *Cancel*

Command:  LINE

Specify first point: 
Specify next point or [Undo]: 
Specify next point or [eXit/Undo]: *Cancel*

Command: 
Command: cop
Unknown command "COP".  Press F1 for help.

Command: c*Cancel*

Command: 
Command: *Cancel*

Command: 
Command: COPY 1 found

Current settings:  Copy mode = Multiple
Specify base point or [Displacement/mOde] <Displacement>: 
Specify second point or [Array] <use first point as displacement>: 
Specify second point or [Array/Exit/Undo] <Exit>: *Cancel*

Command: *Cancel*

Command: COPY 
Select objects: 1 found

Select objects: 

Current settings:  Copy mode = Multiple
Specify base point or [Displacement/mOde] <Displacement>: 
Specify second point or [Array] <use first point as displacement>: 
Specify second point or [Array/Exit/Undo] <Exit>: *Cancel*

Command: 
Command: 
** STRETCH **
Specify stretch point or [Base point/Copy/Undo/eXit]:*Cancel*

Command: *Cancel*

Command: Specify opposite corner or [Fence/WPolygon/CPolygon]: 
Command: Specify opposite corner or [Fence/WPolygon/CPolygon]: 
Command: MOVE 1 found

Specify base point or [Displacement] <Displacement>: 
Specify second point or <use first point as displacement>: 
Command: *Cancel*

Command: Specify opposite corner or [Fence/WPolygon/CPolygon]: 
Command: mov
Unknown command "MOV".  Press F1 for help.

Command: MOVE 1 found

Specify base point or [Displacement] <Displacement>: 
Specify second point or <use first point as displacement>: 
Command: *Cancel*

Command: 
Command: *Cancel*

Command: l
LINE 
Specify first point: *Cancel*

Command: Specify opposite corner or [Fence/WPolygon/CPolygon]: 
Command: *Cancel*

Command: Specify opposite corner or [Fence/WPolygon/CPolygon]: 
Command: *Cancel*

Command: 
Command: *Cancel*

Command: Specify opposite corner or [Fence/WPolygon/CPolygon]: 
Command: *Cancel*

Command: Specify opposite corner or [Fence/WPolygon/CPolygon]: 
Command: l
LINE 
Specify first point: 
Specify next point or [Undo]: 
Specify next point or [eXit/Undo]: *Cancel*

Command: OFFSET 
Current settings: Erase source=No  Layer=Source  OFFSETGAPTYPE=0
Specify offset distance or [Through/Erase/Layer] <Through>:  Specify second point: 
Select object to offset or [Exit/Undo] <Exit>: 
Specify point on side to offset or [Exit/Multiple/Undo] <Exit>: *Cancel*

Command: 
Command: COPY 1 found

Current settings:  Copy mode = Multiple
Specify base point or [Displacement/mOde] <Displacement>: 
Specify second point or [Array] <use first point as displacement>: 
Specify second point or [Array/Exit/Undo] <Exit>: *Cancel*

Command: 
Command: COPY 1 found

Current settings:  Copy mode = Multiple
Specify base point or [Displacement/mOde] <Displacement>: 
Specify second point or [Array] <use first point as displacement>: 
Specify second point or [Array/Exit/Undo] <Exit>: *Cancel*

Command: l
LINE 
Specify first point: 
Specify next point or [Undo]: 
Specify next point or [eXit/Undo]: *Cancel*

Command:  LINE

Specify first point: 
Specify next point or [Undo]: 
Specify next point or [eXit/Undo]: *Cancel*

Command:  LINE

Specify first point: 
Specify next point or [Undo]: 
Specify next point or [eXit/Undo]: *Cancel*

Command: 
Command: 
Command: 
Command: Specify opposite corner or [Fence/WPolygon/CPolygon]: 
Command: *Cancel*

Command: 
Command: 
Command: 
Command: 
Command: e
ERASE 4 found

Command: Specify opposite corner or [Fence/WPolygon/CPolygon]: 
Command: e
ERASE 1 found

Command: Specify opposite corner or [Fence/WPolygon/CPolygon]: 
Command: Specify opposite corner or [Fence/WPolygon/CPolygon]: *Cancel*

Command: l
LINE 
Specify first point: 
Specify next point or [Undo]: 
Specify next point or [eXit/Undo]: *Cancel*

Command: Specify opposite corner or [Fence/WPolygon/CPolygon]: 
Command: 
Command: COPY 3 found

Current settings:  Copy mode = Multiple
Specify base point or [Displacement/mOde] <Displacement>: 
Specify second point or [Array] <use first point as displacement>: 
Specify second point or [Array/Exit/Undo] <Exit>: *Cancel*

Automatic save to /Users/meng/Documents/Foundation of Informatics/Informatics_2/Erik's_task/Drawing2_1_899320530_d75413b6.sv$ ...

Command: 
Command: 
Command: e
ERASE 1 found

Command: Specify opposite corner or [Fence/WPolygon/CPolygon]: 
Command: e
ERASE 1 found

Command: l
LINE 
Specify first point: 
Specify next point or [Undo]: *Cancel*

Command: Specify opposite corner or [Fence/WPolygon/CPolygon]: 
Command: e
ERASE 2 found

Command: Specify opposite corner or [Fence/WPolygon/CPolygon]: 
Command: e
ERASE 2 found

Command: Regenerating model.
Regenerating model.
Specify opposite corner or [Fence/WPolygon/CPolygon]: 
Command: cop*Cancel*

Command: l
LINE 
Specify first point: 
Specify next point or [Undo]: 
Specify next point or [eXit/Undo]: *Cancel*

Command: Specify opposite corner or [Fence/WPolygon/CPolygon]: 
Command: COPY 3 found

Current settings:  Copy mode = Multiple
Specify base point or [Displacement/mOde] <Displacement>: 
Specify second point or [Array] <use first point as displacement>: 
Specify second point or [Array/Exit/Undo] <Exit>: *Cancel*

Command: *Cancel*

Command: 
Command: *Cancel*

Command: Specify opposite corner or [Fence/WPolygon/CPolygon]: 
Command: *Cancel*

Command: Specify opposite corner or [Fence/WPolygon/CPolygon]: 
Command: Specify opposite corner or [Fence/WPolygon/CPolygon]: 
Command: ARRAYPOLAR 2 found

Type = Polar  Associative = Yes

Specify center point of array or [Base point/Axis of rotation]: 
Select grip to edit array or [ASsociative/Base point/Items/Angle between/Fill angle/ROWs/Levels/ROTate items/eXit]<eXit>: _u

Select grip to edit array or [ASsociative/Base point/Items/Angle between/Fill angle/ROWs/Levels/ROTate items/eXit]<eXit>: _u

Select grip to edit array or [ASsociative/Base point/Items/Angle between/Fill angle/ROWs/Levels/ROTate items/eXit]<eXit>: _u

Select grip to edit array or [ASsociative/Base point/Items/Angle between/Fill angle/ROWs/Levels/ROTate items/eXit]<eXit>: _u

Select grip to edit array or [ASsociative/Base point/Items/Angle between/Fill angle/ROWs/Levels/ROTate items/eXit]<eXit>: _u

Select grip to edit array or [ASsociative/Base point/Items/Angle between/Fill angle/ROWs/Levels/ROTate items/eXit]<eXit>: _u

Select grip to edit array or [ASsociative/Base point/Items/Angle between/Fill angle/ROWs/Levels/ROTate items/eXit]<eXit>: _u

Select grip to edit array or [ASsociative/Base point/Items/Angle between/Fill angle/ROWs/Levels/ROTate items/eXit]<eXit>: _u

Select grip to edit array or [ASsociative/Base point/Items/Angle between/Fill angle/ROWs/Levels/ROTate items/eXit]<eXit>: _u

Select grip to edit array or [ASsociative/Base point/Items/Angle between/Fill angle/ROWs/Levels/ROTate items/eXit]<eXit>: _u

Select grip to edit array or [ASsociative/Base point/Items/Angle between/Fill angle/ROWs/Levels/ROTate items/eXit]<eXit>: _EXIT 
Command: 
Command: EXPLODE 1 found

Command: 
Command: _.erase 1 found

Command: 
Command: _.erase 1 found

Command: _u ERASE 
Command: 
Command: _.erase 1 found

Command: 
Command: _.erase 1 found

Command: _u ERASE 
Command: 
Command: _.erase 1 found

Command: 
Command: _.erase 1 found

Command: _u ERASE 
Command: 
Command: _.erase 1 found

Command: Specify opposite corner or [Fence/WPolygon/CPolygon]: 
Command: _.erase 1 found

Command: _u ERASE 
Command: Specify opposite corner or [Fence/WPolygon/CPolygon]: 
Command: e
ERASE 1 found

Command: Specify opposite corner or [Fence/WPolygon/CPolygon]: 
Command: 
Command: Specify opposite corner or [Fence/WPolygon/CPolygon]: 
Command: 
** STRETCH **
Specify stretch point or [Base point/Copy/Undo/eXit]:*Cancel*

Command: Specify opposite corner or [Fence/WPolygon/CPolygon]: 
Command: 
** STRETCH **
Specify stretch point or [Base point/Copy/Undo/eXit]:
Command: *Cancel*

Command: Specify opposite corner or [Fence/WPolygon/CPolygon]: 
Command: 
** STRETCH **
Specify stretch point or [Base point/Copy/Undo/eXit]:
Command: *Cancel*

Command: Specify opposite corner or [Fence/WPolygon/CPolygon]: 
Command: 
** STRETCH **
Specify stretch point or [Base point/Copy/Undo/eXit]:
Command: *Cancel*

Command: Specify opposite corner or [Fence/WPolygon/CPolygon]: 
Command: 
** STRETCH **
Specify stretch point or [Base point/Copy/Undo/eXit]:
Command: *Cancel*

Command: Specify opposite corner or [Fence/WPolygon/CPolygon]: 
Command: 
** STRETCH **
Specify stretch point or [Base point/Copy/Undo/eXit]:
Command: *Cancel*

Command: Specify opposite corner or [Fence/WPolygon/CPolygon]: 
Command: 
** STRETCH **
Specify stretch point or [Base point/Copy/Undo/eXit]:
Command: Specify opposite corner or [Fence/WPolygon/CPolygon]: 
Command: 
** STRETCH **
Specify stretch point or [Base point/Copy/Undo/eXit]:
Command: *Cancel*

Command: Specify opposite corner or [Fence/WPolygon/CPolygon]: 
Command: 
** STRETCH **
Specify stretch point or [Base point/Copy/Undo/eXit]:
Command: *Cancel*

Command: Specify opposite corner or [Fence/WPolygon/CPolygon]: 
Command: Specify opposite corner or [Fence/WPolygon/CPolygon]: 
Command: Specify opposite corner or [Fence/WPolygon/CPolygon]: 
Command: 
Command: *Cancel*

Command: LTS LTSCALE Enter new linetype scale factor <1.0000>: 0.9
Regenerating model.

Command: *Cancel*

Command: LTS LTSCALE Enter new linetype scale factor <0.9000>: 0.8
Regenerating model.

Command: Specify opposite corner or [Fence/WPolygon/CPolygon]: 
Command: e
ERASE 1 found

Command: Regenerating model.

Command: 
Command: _qsave 
